<?xml version="1.0" encoding="UTF-8"?>
<robot generator="Robot 5.0 (Python 3.9.10 on darwin)" generated="20220401 14:34:19.326" rpa="false" schemaversion="3">
<suite id="s1" name="HomeView" source="/Users/bryanphang/Documents/Personal/vue-robot-selenium/tests/e2e/HomeView.robot">
<test id="s1-t1" name="Valid Login" line="9">
<kw name="Open Browser To Login Page" library="homeview">
<kw name="Open Browser" library="Selenium2Library">
<arg>${LOGIN URL}</arg>
<arg>${BROWSER}</arg>
<doc>Opens a new browser instance to the optional ``url``.</doc>
<msg timestamp="20220401 14:34:19.808" level="INFO">Opening browser 'Firefox' to base url 'http://localhost:8080/'.</msg>
<msg timestamp="20220401 14:34:19.809" level="INFO">Firefox driver log is always forced to to: /Users/bryanphang/Documents/Personal/vue-robot-selenium/geckodriver-1.log</msg>
<status status="PASS" starttime="20220401 14:34:19.808" endtime="20220401 14:34:21.803"/>
</kw>
<kw name="Maximize Browser Window" library="Selenium2Library">
<doc>Maximizes current browser window.</doc>
<status status="PASS" starttime="20220401 14:34:21.804" endtime="20220401 14:34:22.377"/>
</kw>
<kw name="Set Selenium Speed" library="Selenium2Library">
<arg>${DELAY}</arg>
<doc>Sets the delay that is waited after each Selenium command.</doc>
<status status="PASS" starttime="20220401 14:34:22.377" endtime="20220401 14:34:22.378"/>
</kw>
<kw name="Login Page Should Be Open" library="homeview">
<kw name="Title Should Be" library="Selenium2Library">
<arg>vue-robot-selenium</arg>
<doc>Verifies that the current page title equals ``title``.</doc>
<msg timestamp="20220401 14:34:22.380" level="INFO">Page title is 'vue-robot-selenium'.</msg>
<status status="PASS" starttime="20220401 14:34:22.378" endtime="20220401 14:34:22.380"/>
</kw>
<status status="PASS" starttime="20220401 14:34:22.378" endtime="20220401 14:34:22.380"/>
</kw>
<status status="PASS" starttime="20220401 14:34:19.808" endtime="20220401 14:34:22.380"/>
</kw>
<kw name="Generate random email" library="homeview">
<kw name="Generate Random Emails" library="CustomLib">
<var>${random_email}</var>
<arg>${8}</arg>
<msg timestamp="20220401 14:34:22.380" level="INFO">${random_email} = ['ifeagfbk@yahoo.com']</msg>
<status status="PASS" starttime="20220401 14:34:22.380" endtime="20220401 14:34:22.380"/>
</kw>
<kw name="Log To Console" library="BuiltIn">
<arg>${random_email}</arg>
<doc>Logs the given message to the console.</doc>
<status status="PASS" starttime="20220401 14:34:22.381" endtime="20220401 14:34:22.381"/>
</kw>
<status status="PASS" starttime="20220401 14:34:22.380" endtime="20220401 14:34:22.381"/>
</kw>
<kw name="Input Username" library="homeview">
<arg>bryan</arg>
<kw name="Input Text" library="Selenium2Library">
<arg>username</arg>
<arg>${username}</arg>
<doc>Types the given ``text`` into the text field identified by ``locator``.</doc>
<msg timestamp="20220401 14:34:22.382" level="INFO">Typing text 'bryan' into text field 'username'.</msg>
<status status="PASS" starttime="20220401 14:34:22.381" endtime="20220401 14:34:22.416"/>
</kw>
<status status="PASS" starttime="20220401 14:34:22.381" endtime="20220401 14:34:22.416"/>
</kw>
<kw name="Input Password" library="homeview">
<arg>123456</arg>
<kw name="Input Text" library="Selenium2Library">
<arg>password</arg>
<arg>${password}</arg>
<doc>Types the given ``text`` into the text field identified by ``locator``.</doc>
<msg timestamp="20220401 14:34:22.416" level="INFO">Typing text '123456' into text field 'password'.</msg>
<status status="PASS" starttime="20220401 14:34:22.416" endtime="20220401 14:34:22.424"/>
</kw>
<status status="PASS" starttime="20220401 14:34:22.416" endtime="20220401 14:34:22.425"/>
</kw>
<kw name="Submit Credentials" library="homeview">
<kw name="Click Button" library="Selenium2Library">
<arg>login</arg>
<doc>Clicks the button identified by ``locator``.</doc>
<msg timestamp="20220401 14:34:22.425" level="INFO">Clicking button 'login'.</msg>
<status status="PASS" starttime="20220401 14:34:22.425" endtime="20220401 14:34:22.637"/>
</kw>
<status status="PASS" starttime="20220401 14:34:22.425" endtime="20220401 14:34:22.637"/>
</kw>
<kw name="Welcome Page Should Be Open" library="homeview">
<kw name="Get Text" library="Selenium2Library">
<var>${text}</var>
<arg>id:title</arg>
<doc>Returns the text value of the element identified by ``locator``.</doc>
<msg timestamp="20220401 14:34:22.647" level="INFO">${text} = Welcome Page, Bryan</msg>
<status status="PASS" starttime="20220401 14:34:22.638" endtime="20220401 14:34:22.647"/>
</kw>
<kw name="Should Contain Any" library="BuiltIn">
<arg>${text}</arg>
<arg>Welcome</arg>
<doc>Fails if ``container`` does not contain any of the ``*items``.</doc>
<status status="PASS" starttime="20220401 14:34:22.647" endtime="20220401 14:34:22.647"/>
</kw>
<status status="PASS" starttime="20220401 14:34:22.637" endtime="20220401 14:34:22.647"/>
</kw>
<kw name="Decode QR" library="homeview">
<kw name="Get Element Attribute" library="Selenium2Library">
<var>${image_url}</var>
<arg>//*[@id="reader"]</arg>
<arg>src</arg>
<doc>Returns the value of ``attribute`` from the element ``locator``.</doc>
<msg timestamp="20220401 14:34:22.658" level="INFO">${image_url} = data:image/png;base64,iVBORw0KGgoAAAANSUhEUgAAA+gAAAPoCAYAAABNo9TkAAAgAElEQVR4Xuzb0Y5jWZJD2ar//+ie7gTmaYARA1Ae3xa+6plwmTZpdi9DWf/9n//933/8DwEEEEAAAQQQQAABBBBAAAEEfpTAfxX0H+XvwxFAAAEEEEAAAQQQQAABBBD4h4...</msg>
<status status="PASS" starttime="20220401 14:34:22.648" endtime="20220401 14:34:22.658"/>
</kw>
<kw name="Decode" library="CustomLib">
<var>${url}</var>
<arg>${image_url}</arg>
<msg timestamp="20220401 14:34:22.695" level="INFO">${url} = https://qr.page/g/3ZSbBI1UyqZ</msg>
<status status="PASS" starttime="20220401 14:34:22.658" endtime="20220401 14:34:22.695"/>
</kw>
<kw name="Log To Console" library="BuiltIn">
<arg>${url}</arg>
<doc>Logs the given message to the console.</doc>
<status status="PASS" starttime="20220401 14:34:22.695" endtime="20220401 14:34:22.695"/>
</kw>
<status status="PASS" starttime="20220401 14:34:22.648" endtime="20220401 14:34:22.695"/>
</kw>
<kw name="Check Iframe" library="homeview">
<kw name="Select Frame" library="Selenium2Library">
<arg>//iframe[@id='iframe']</arg>
<doc>Sets frame identified by ``locator`` as the current frame.</doc>
<msg timestamp="20220401 14:34:22.696" level="INFO">Selecting frame '//iframe[@id='iframe']'.</msg>
<status status="PASS" starttime="20220401 14:34:22.696" endtime="20220401 14:34:22.700"/>
</kw>
<kw name="Current Frame Should Contain" library="Selenium2Library">
<arg>MY BLOG</arg>
<doc>Verifies that the current frame contains ``text``.</doc>
<msg timestamp="20220401 14:34:22.703" level="INFO">Current frame contains text 'MY BLOG'.</msg>
<status status="PASS" starttime="20220401 14:34:22.700" endtime="20220401 14:34:22.703"/>
</kw>
<kw name="Unselect Frame" library="Selenium2Library">
<doc>Sets the main frame as the current frame.</doc>
<status status="PASS" starttime="20220401 14:34:22.703" endtime="20220401 14:34:22.707"/>
</kw>
<status status="PASS" starttime="20220401 14:34:22.696" endtime="20220401 14:34:22.707"/>
</kw>
<kw name="Click On Link" library="homeview">
<kw name="Click Element" library="Selenium2Library">
<arg>//*[@data-qa="wiki-link"]</arg>
<doc>Click the element identified by ``locator``.</doc>
<msg timestamp="20220401 14:34:22.708" level="INFO">Clicking element '//*[@data-qa="wiki-link"]'.</msg>
<status status="PASS" starttime="20220401 14:34:22.707" endtime="20220401 14:34:22.943"/>
</kw>
<kw name="Get Text" library="Selenium2Library">
<var>${text}</var>
<arg>//*[@class="central-textlogo-wrapper"]</arg>
<doc>Returns the text value of the element identified by ``locator``.</doc>
<msg timestamp="20220401 14:34:22.954" level="INFO">${text} = Wikipedia
The Free Encyclopedia</msg>
<status status="PASS" starttime="20220401 14:34:22.943" endtime="20220401 14:34:22.954"/>
</kw>
<kw name="Should Contain Any" library="BuiltIn">
<arg>${text}</arg>
<arg>Wikipedia</arg>
<doc>Fails if ``container`` does not contain any of the ``*items``.</doc>
<status status="PASS" starttime="20220401 14:34:22.954" endtime="20220401 14:34:22.954"/>
</kw>
<status status="PASS" starttime="20220401 14:34:22.707" endtime="20220401 14:34:22.955"/>
</kw>
<kw name="Search On Wikipedia" library="homeview">
<kw name="Input Text" library="Selenium2Library">
<arg>//*[@id="searchInput"]</arg>
<arg>Selenium</arg>
<doc>Types the given ``text`` into the text field identified by ``locator``.</doc>
<msg timestamp="20220401 14:34:22.955" level="INFO">Typing text 'Selenium' into text field '//*[@id="searchInput"]'.</msg>
<status status="PASS" starttime="20220401 14:34:22.955" endtime="20220401 14:34:22.969"/>
</kw>
<kw name="Click Element" library="Selenium2Library">
<arg>class:pure-button</arg>
<doc>Click the element identified by ``locator``.</doc>
<msg timestamp="20220401 14:34:22.970" level="INFO">Clicking element 'class:pure-button'.</msg>
<status status="PASS" starttime="20220401 14:34:22.970" endtime="20220401 14:34:24.480"/>
</kw>
<kw name="Title Should Be" library="Selenium2Library">
<arg>Selenium - Wikipedia</arg>
<doc>Verifies that the current page title equals ``title``.</doc>
<msg timestamp="20220401 14:34:24.482" level="INFO">Page title is 'Selenium - Wikipedia'.</msg>
<status status="PASS" starttime="20220401 14:34:24.480" endtime="20220401 14:34:24.482"/>
</kw>
<kw name="Get Text" library="Selenium2Library">
<var>${text}</var>
<arg>//*[@id="firstHeading"]</arg>
<doc>Returns the text value of the element identified by ``locator``.</doc>
<msg timestamp="20220401 14:34:24.497" level="INFO">${text} = Selenium</msg>
<status status="PASS" starttime="20220401 14:34:24.482" endtime="20220401 14:34:24.497"/>
</kw>
<kw name="Should Contain Any" library="BuiltIn">
<arg>${text}</arg>
<arg>Selenium</arg>
<doc>Fails if ``container`` does not contain any of the ``*items``.</doc>
<status status="PASS" starttime="20220401 14:34:24.498" endtime="20220401 14:34:24.498"/>
</kw>
<status status="PASS" starttime="20220401 14:34:22.955" endtime="20220401 14:34:24.498"/>
</kw>
<kw name="Close Browser" library="Selenium2Library" type="TEARDOWN">
<doc>Closes the current browser.</doc>
<status status="PASS" starttime="20220401 14:34:24.498" endtime="20220401 14:34:24.946"/>
</kw>
<status status="PASS" starttime="20220401 14:34:19.807" endtime="20220401 14:34:24.946"/>
</test>
<doc>A test suite with a single test for valid login.

This test has a workflow that is created using keywords in
the imported resource file.</doc>
<status status="PASS" starttime="20220401 14:34:19.328" endtime="20220401 14:34:24.947"/>
</suite>
<statistics>
<total>
<stat pass="1" fail="0" skip="0">All Tests</stat>
</total>
<tag>
</tag>
<suite>
<stat pass="1" fail="0" skip="0" id="s1" name="HomeView">HomeView</stat>
</suite>
</statistics>
<errors>
</errors>
</robot>
