<?xml version="1.0" encoding="UTF-8"?>
<robot generator="Robot 5.0 (Python 3.9.10 on darwin)" generated="20220330 19:15:42.757" rpa="false" schemaversion="3">
<suite id="s1" name="Vue-Robot-Selenium" source="/Users/bryanphang/Documents/Personal/vue-robot-selenium">
<suite id="s1-s1" name="Tests" source="/Users/bryanphang/Documents/Personal/vue-robot-selenium/tests">
<suite id="s1-s1-s1" name="E2E" source="/Users/bryanphang/Documents/Personal/vue-robot-selenium/tests/e2e">
<suite id="s1-s1-s1-s1" name="HomeView" source="/Users/bryanphang/Documents/Personal/vue-robot-selenium/tests/e2e/HomeView.robot">
<test id="s1-s1-s1-s1-t1" name="Valid Login" line="9">
<kw name="Open Browser To Login Page" library="homeview">
<kw name="Open Browser" library="SeleniumLibrary">
<arg>${LOGIN URL}</arg>
<arg>${BROWSER}</arg>
<doc>Opens a new browser instance to the optional ``url``.</doc>
<msg timestamp="20220330 19:15:42.937" level="INFO">Opening browser 'Firefox' to base url 'http://localhost:8080/'.</msg>
<msg timestamp="20220330 19:15:42.938" level="INFO">Firefox driver log is always forced to to: /Users/bryanphang/Documents/Personal/vue-robot-selenium/geckodriver-5.log</msg>
<status status="PASS" starttime="20220330 19:15:42.937" endtime="20220330 19:15:45.166"/>
</kw>
<kw name="Maximize Browser Window" library="SeleniumLibrary">
<doc>Maximizes current browser window.</doc>
<status status="PASS" starttime="20220330 19:15:45.167" endtime="20220330 19:15:45.754"/>
</kw>
<kw name="Set Selenium Speed" library="SeleniumLibrary">
<arg>${DELAY}</arg>
<doc>Sets the delay that is waited after each Selenium command.</doc>
<status status="PASS" starttime="20220330 19:15:45.754" endtime="20220330 19:15:45.755"/>
</kw>
<kw name="Login Page Should Be Open" library="homeview">
<kw name="Title Should Be" library="SeleniumLibrary">
<arg>Login Page</arg>
<doc>Verifies that the current page title equals ``title``.</doc>
<msg timestamp="20220330 19:15:45.905" level="INFO" html="true">&lt;/td&gt;&lt;/tr&gt;&lt;tr&gt;&lt;td colspan="3"&gt;&lt;a href="selenium-screenshot-3.png"&gt;&lt;img src="selenium-screenshot-3.png" width="800px"&gt;&lt;/a&gt;</msg>
<msg timestamp="20220330 19:15:45.905" level="FAIL">Title should have been 'Login Page' but was 'vue-robot-selenium'.</msg>
<status status="FAIL" starttime="20220330 19:15:45.755" endtime="20220330 19:15:45.908"/>
</kw>
<status status="FAIL" starttime="20220330 19:15:45.755" endtime="20220330 19:15:45.909"/>
</kw>
<status status="FAIL" starttime="20220330 19:15:42.937" endtime="20220330 19:15:45.909"/>
</kw>
<kw name="Input Username" library="homeview">
<status status="NOT RUN" starttime="20220330 19:15:45.909" endtime="20220330 19:15:45.909"/>
</kw>
<kw name="Input Password" library="homeview">
<status status="NOT RUN" starttime="20220330 19:15:45.909" endtime="20220330 19:15:45.909"/>
</kw>
<kw name="Submit Credentials" library="homeview">
<status status="NOT RUN" starttime="20220330 19:15:45.909" endtime="20220330 19:15:45.909"/>
</kw>
<kw name="Close Browser" library="SeleniumLibrary" type="TEARDOWN">
<doc>Closes the current browser.</doc>
<status status="PASS" starttime="20220330 19:15:45.910" endtime="20220330 19:15:46.323"/>
</kw>
<status status="FAIL" starttime="20220330 19:15:42.936" endtime="20220330 19:15:46.324">Title should have been 'Login Page' but was 'vue-robot-selenium'.</status>
</test>
<doc>A test suite with a single test for valid login.

This test has a workflow that is created using keywords in
the imported resource file.</doc>
<status status="FAIL" starttime="20220330 19:15:42.785" endtime="20220330 19:15:46.324"/>
</suite>
<suite id="s1-s1-s1-s2" name="Test" source="/Users/bryanphang/Documents/Personal/vue-robot-selenium/tests/e2e/Test.robot">
<test id="s1-s1-s1-s2-t1" name="Open Google &amp; Verify Google" line="7">
<kw name="Open Browser" library="SeleniumLibrary">
<arg>https://www.google.com</arg>
<arg>browser=firefox</arg>
<doc>Opens a new browser instance to the optional ``url``.</doc>
<msg timestamp="20220330 19:15:46.327" level="INFO">Opening browser 'firefox' to base url 'https://www.google.com'.</msg>
<msg timestamp="20220330 19:15:46.336" level="INFO">Firefox driver log is always forced to to: /Users/bryanphang/Documents/Personal/vue-robot-selenium/geckodriver-6.log</msg>
<status status="PASS" starttime="20220330 19:15:46.327" endtime="20220330 19:15:50.569"/>
</kw>
<kw name="Get Title" library="SeleniumLibrary">
<var>${Get_title}</var>
<doc>Returns the title of the current page.</doc>
<msg timestamp="20220330 19:15:50.576" level="INFO">${Get_title} = Google</msg>
<status status="PASS" starttime="20220330 19:15:50.570" endtime="20220330 19:15:50.576"/>
</kw>
<kw name="Should Be Equal As Strings" library="BuiltIn">
<arg>${Get_title}</arg>
<arg>Google</arg>
<doc>Fails if objects are unequal after converting them to strings.</doc>
<status status="PASS" starttime="20220330 19:15:50.576" endtime="20220330 19:15:50.577"/>
</kw>
<kw name="Close Browser" library="SeleniumLibrary">
<doc>Closes the current browser.</doc>
<status status="PASS" starttime="20220330 19:15:50.577" endtime="20220330 19:15:50.992"/>
</kw>
<status status="PASS" starttime="20220330 19:15:46.327" endtime="20220330 19:15:50.992"/>
</test>
<doc>My First Test
This test will Verify Google</doc>
<status status="PASS" starttime="20220330 19:15:46.325" endtime="20220330 19:15:50.993"/>
</suite>
<status status="FAIL" starttime="20220330 19:15:42.785" endtime="20220330 19:15:50.993"/>
</suite>
<status status="FAIL" starttime="20220330 19:15:42.784" endtime="20220330 19:15:50.994"/>
</suite>
<status status="FAIL" starttime="20220330 19:15:42.770" endtime="20220330 19:15:50.995"/>
</suite>
<statistics>
<total>
<stat pass="1" fail="1" skip="0">All Tests</stat>
</total>
<tag>
</tag>
<suite>
<stat pass="1" fail="1" skip="0" id="s1" name="Vue-Robot-Selenium">Vue-Robot-Selenium</stat>
<stat pass="1" fail="1" skip="0" id="s1-s1" name="Tests">Vue-Robot-Selenium.Tests</stat>
<stat pass="1" fail="1" skip="0" id="s1-s1-s1" name="E2E">Vue-Robot-Selenium.Tests.E2E</stat>
<stat pass="0" fail="1" skip="0" id="s1-s1-s1-s1" name="HomeView">Vue-Robot-Selenium.Tests.E2E.HomeView</stat>
<stat pass="1" fail="0" skip="0" id="s1-s1-s1-s2" name="Test">Vue-Robot-Selenium.Tests.E2E.Test</stat>
</suite>
</statistics>
<errors>
</errors>
</robot>
