<?xml version="1.0" encoding="UTF-8"?>
<robot generator="Robot 5.0 (Python 3.9.10 on darwin)" generated="20220331 10:29:27.271" rpa="false" schemaversion="3">
<suite id="s1" name="Vue-Robot-Selenium" source="/Users/bryanphang/Documents/Personal/vue-robot-selenium">
<suite id="s1-s1" name="Tests" source="/Users/bryanphang/Documents/Personal/vue-robot-selenium/tests">
<suite id="s1-s1-s1" name="E2E" source="/Users/bryanphang/Documents/Personal/vue-robot-selenium/tests/e2e">
<suite id="s1-s1-s1-s1" name="HomeView" source="/Users/bryanphang/Documents/Personal/vue-robot-selenium/tests/e2e/HomeView.robot">
<test id="s1-s1-s1-s1-t1" name="Valid Login" line="9">
<kw name="Open Browser To Login Page" library="homeview">
<kw name="Open Browser" library="SeleniumLibrary">
<arg>${LOGIN URL}</arg>
<arg>${BROWSER}</arg>
<doc>Opens a new browser instance to the optional ``url``.</doc>
<msg timestamp="20220331 10:29:27.429" level="INFO">Opening browser 'Firefox' to base url 'http://localhost:8080/'.</msg>
<msg timestamp="20220331 10:29:27.430" level="INFO">Firefox driver log is always forced to to: /Users/bryanphang/Documents/Personal/vue-robot-selenium/geckodriver-9.log</msg>
<status status="PASS" starttime="20220331 10:29:27.428" endtime="20220331 10:29:29.046"/>
</kw>
<kw name="Maximize Browser Window" library="SeleniumLibrary">
<doc>Maximizes current browser window.</doc>
<status status="PASS" starttime="20220331 10:29:29.046" endtime="20220331 10:29:29.620"/>
</kw>
<kw name="Set Selenium Speed" library="SeleniumLibrary">
<arg>${DELAY}</arg>
<doc>Sets the delay that is waited after each Selenium command.</doc>
<status status="PASS" starttime="20220331 10:29:29.620" endtime="20220331 10:29:29.621"/>
</kw>
<kw name="Login Page Should Be Open" library="homeview">
<kw name="Title Should Be" library="SeleniumLibrary">
<arg>vue-robot-selenium</arg>
<doc>Verifies that the current page title equals ``title``.</doc>
<msg timestamp="20220331 10:29:29.624" level="INFO">Page title is 'vue-robot-selenium'.</msg>
<status status="PASS" starttime="20220331 10:29:29.621" endtime="20220331 10:29:29.624"/>
</kw>
<status status="PASS" starttime="20220331 10:29:29.621" endtime="20220331 10:29:29.624"/>
</kw>
<status status="PASS" starttime="20220331 10:29:27.428" endtime="20220331 10:29:29.624"/>
</kw>
<kw name="Input Username" library="homeview">
<arg>bryan</arg>
<kw name="Input Text" library="SeleniumLibrary">
<arg>username</arg>
<arg>${username}</arg>
<doc>Types the given ``text`` into the text field identified by ``locator``.</doc>
<msg timestamp="20220331 10:29:29.625" level="INFO">Typing text 'bryan' into text field 'username'.</msg>
<status status="PASS" starttime="20220331 10:29:29.624" endtime="20220331 10:29:29.650"/>
</kw>
<status status="PASS" starttime="20220331 10:29:29.624" endtime="20220331 10:29:29.651"/>
</kw>
<kw name="Input Password" library="homeview">
<arg>123456</arg>
<kw name="Input Text" library="SeleniumLibrary">
<arg>password</arg>
<arg>${password}</arg>
<doc>Types the given ``text`` into the text field identified by ``locator``.</doc>
<msg timestamp="20220331 10:29:29.651" level="INFO">Typing text '123456' into text field 'password'.</msg>
<status status="PASS" starttime="20220331 10:29:29.651" endtime="20220331 10:29:29.663"/>
</kw>
<status status="PASS" starttime="20220331 10:29:29.651" endtime="20220331 10:29:29.663"/>
</kw>
<kw name="Submit Credentials" library="homeview">
<kw name="Click Button" library="SeleniumLibrary">
<arg>login</arg>
<doc>Clicks the button identified by ``locator``.</doc>
<msg timestamp="20220331 10:29:29.664" level="INFO">Clicking button 'login'.</msg>
<status status="PASS" starttime="20220331 10:29:29.664" endtime="20220331 10:29:29.874"/>
</kw>
<status status="PASS" starttime="20220331 10:29:29.663" endtime="20220331 10:29:29.874"/>
</kw>
<kw name="Close Browser" library="SeleniumLibrary" type="TEARDOWN">
<doc>Closes the current browser.</doc>
<status status="PASS" starttime="20220331 10:29:29.875" endtime="20220331 10:29:30.284"/>
</kw>
<status status="PASS" starttime="20220331 10:29:27.428" endtime="20220331 10:29:30.284"/>
</test>
<doc>A test suite with a single test for valid login.

This test has a workflow that is created using keywords in
the imported resource file.</doc>
<status status="PASS" starttime="20220331 10:29:27.299" endtime="20220331 10:29:30.285"/>
</suite>
<suite id="s1-s1-s1-s2" name="Test" source="/Users/bryanphang/Documents/Personal/vue-robot-selenium/tests/e2e/Test.robot">
<test id="s1-s1-s1-s2-t1" name="Open Google &amp; Verify Google" line="7">
<kw name="Open Browser" library="SeleniumLibrary">
<arg>https://www.google.com</arg>
<arg>browser=firefox</arg>
<doc>Opens a new browser instance to the optional ``url``.</doc>
<msg timestamp="20220331 10:29:30.287" level="INFO">Opening browser 'firefox' to base url 'https://www.google.com'.</msg>
<msg timestamp="20220331 10:29:30.288" level="INFO">Firefox driver log is always forced to to: /Users/bryanphang/Documents/Personal/vue-robot-selenium/geckodriver-10.log</msg>
<status status="PASS" starttime="20220331 10:29:30.287" endtime="20220331 10:29:32.057"/>
</kw>
<kw name="Get Title" library="SeleniumLibrary">
<var>${Get_title}</var>
<doc>Returns the title of the current page.</doc>
<msg timestamp="20220331 10:29:32.063" level="INFO">${Get_title} = Google</msg>
<status status="PASS" starttime="20220331 10:29:32.057" endtime="20220331 10:29:32.063"/>
</kw>
<kw name="Should Be Equal As Strings" library="BuiltIn">
<arg>${Get_title}</arg>
<arg>Google</arg>
<doc>Fails if objects are unequal after converting them to strings.</doc>
<status status="PASS" starttime="20220331 10:29:32.063" endtime="20220331 10:29:32.063"/>
</kw>
<kw name="Close Browser" library="SeleniumLibrary">
<doc>Closes the current browser.</doc>
<status status="PASS" starttime="20220331 10:29:32.063" endtime="20220331 10:29:32.463"/>
</kw>
<status status="PASS" starttime="20220331 10:29:30.287" endtime="20220331 10:29:32.463"/>
</test>
<doc>My First Test
This test will Verify Google</doc>
<status status="PASS" starttime="20220331 10:29:30.286" endtime="20220331 10:29:32.463"/>
</suite>
<status status="PASS" starttime="20220331 10:29:27.298" endtime="20220331 10:29:32.464"/>
</suite>
<status status="PASS" starttime="20220331 10:29:27.297" endtime="20220331 10:29:32.465"/>
</suite>
<status status="PASS" starttime="20220331 10:29:27.284" endtime="20220331 10:29:32.465"/>
</suite>
<statistics>
<total>
<stat pass="2" fail="0" skip="0">All Tests</stat>
</total>
<tag>
</tag>
<suite>
<stat pass="2" fail="0" skip="0" id="s1" name="Vue-Robot-Selenium">Vue-Robot-Selenium</stat>
<stat pass="2" fail="0" skip="0" id="s1-s1" name="Tests">Vue-Robot-Selenium.Tests</stat>
<stat pass="2" fail="0" skip="0" id="s1-s1-s1" name="E2E">Vue-Robot-Selenium.Tests.E2E</stat>
<stat pass="1" fail="0" skip="0" id="s1-s1-s1-s1" name="HomeView">Vue-Robot-Selenium.Tests.E2E.HomeView</stat>
<stat pass="1" fail="0" skip="0" id="s1-s1-s1-s2" name="Test">Vue-Robot-Selenium.Tests.E2E.Test</stat>
</suite>
</statistics>
<errors>
</errors>
</robot>
