<?xml version="1.0" encoding="UTF-8"?>
<robot generator="Robot 5.0 (Python 3.9.10 on darwin)" generated="20220331 17:30:43.492" rpa="false" schemaversion="3">
<suite id="s1" name="Vue-Robot-Selenium" source="/Users/bryanphang/Documents/Personal/vue-robot-selenium">
<suite id="s1-s1" name="Tests" source="/Users/bryanphang/Documents/Personal/vue-robot-selenium/tests">
<suite id="s1-s1-s1" name="E2E" source="/Users/bryanphang/Documents/Personal/vue-robot-selenium/tests/e2e">
<suite id="s1-s1-s1-s1" name="HomeView" source="/Users/bryanphang/Documents/Personal/vue-robot-selenium/tests/e2e/HomeView.robot">
<test id="s1-s1-s1-s1-t1" name="Valid Login" line="9">
<kw name="Open Browser To Login Page" library="homeview">
<kw name="Open Browser" library="SeleniumLibrary">
<arg>${LOGIN URL}</arg>
<arg>${BROWSER}</arg>
<doc>Opens a new browser instance to the optional ``url``.</doc>
<msg timestamp="20220331 17:30:43.644" level="INFO">Opening browser 'Firefox' to base url 'http://localhost:8080/'.</msg>
<msg timestamp="20220331 17:30:43.646" level="INFO">Firefox driver log is always forced to to: /Users/bryanphang/Documents/Personal/vue-robot-selenium/geckodriver-96.log</msg>
<status status="PASS" starttime="20220331 17:30:43.644" endtime="20220331 17:30:46.410"/>
</kw>
<kw name="Maximize Browser Window" library="SeleniumLibrary">
<doc>Maximizes current browser window.</doc>
<status status="PASS" starttime="20220331 17:30:46.411" endtime="20220331 17:30:46.983"/>
</kw>
<kw name="Set Selenium Speed" library="SeleniumLibrary">
<arg>${DELAY}</arg>
<doc>Sets the delay that is waited after each Selenium command.</doc>
<status status="PASS" starttime="20220331 17:30:46.983" endtime="20220331 17:30:46.983"/>
</kw>
<kw name="Login Page Should Be Open" library="homeview">
<kw name="Title Should Be" library="SeleniumLibrary">
<arg>vue-robot-selenium</arg>
<doc>Verifies that the current page title equals ``title``.</doc>
<msg timestamp="20220331 17:30:46.985" level="INFO">Page title is 'vue-robot-selenium'.</msg>
<status status="PASS" starttime="20220331 17:30:46.984" endtime="20220331 17:30:46.986"/>
</kw>
<status status="PASS" starttime="20220331 17:30:46.983" endtime="20220331 17:30:46.986"/>
</kw>
<status status="PASS" starttime="20220331 17:30:43.644" endtime="20220331 17:30:46.986"/>
</kw>
<kw name="Input Username" library="homeview">
<arg>bryan</arg>
<kw name="Input Text" library="SeleniumLibrary">
<arg>username</arg>
<arg>${username}</arg>
<doc>Types the given ``text`` into the text field identified by ``locator``.</doc>
<msg timestamp="20220331 17:30:46.986" level="INFO">Typing text 'bryan' into text field 'username'.</msg>
<status status="PASS" starttime="20220331 17:30:46.986" endtime="20220331 17:30:47.007"/>
</kw>
<status status="PASS" starttime="20220331 17:30:46.986" endtime="20220331 17:30:47.007"/>
</kw>
<kw name="Input Password" library="homeview">
<arg>123456</arg>
<kw name="Input Text" library="SeleniumLibrary">
<arg>password</arg>
<arg>${password}</arg>
<doc>Types the given ``text`` into the text field identified by ``locator``.</doc>
<msg timestamp="20220331 17:30:47.007" level="INFO">Typing text '123456' into text field 'password'.</msg>
<status status="PASS" starttime="20220331 17:30:47.007" endtime="20220331 17:30:47.017"/>
</kw>
<status status="PASS" starttime="20220331 17:30:47.007" endtime="20220331 17:30:47.017"/>
</kw>
<kw name="Submit Credentials" library="homeview">
<kw name="Click Button" library="SeleniumLibrary">
<arg>login</arg>
<doc>Clicks the button identified by ``locator``.</doc>
<msg timestamp="20220331 17:30:47.018" level="INFO">Clicking button 'login'.</msg>
<status status="PASS" starttime="20220331 17:30:47.017" endtime="20220331 17:30:47.229"/>
</kw>
<status status="PASS" starttime="20220331 17:30:47.017" endtime="20220331 17:30:47.229"/>
</kw>
<kw name="Welcome Page Should Be Open" library="homeview">
<kw name="Get Text" library="SeleniumLibrary">
<var>${text}</var>
<arg>id:title</arg>
<doc>Returns the text value of the element identified by ``locator``.</doc>
<msg timestamp="20220331 17:30:47.239" level="INFO">${text} = Welcome Page, Bryan</msg>
<status status="PASS" starttime="20220331 17:30:47.229" endtime="20220331 17:30:47.239"/>
</kw>
<kw name="Should Contain Any" library="BuiltIn">
<arg>${text}</arg>
<arg>Welcome</arg>
<doc>Fails if ``container`` does not contain any of the ``*items``.</doc>
<status status="PASS" starttime="20220331 17:30:47.239" endtime="20220331 17:30:47.239"/>
</kw>
<status status="PASS" starttime="20220331 17:30:47.229" endtime="20220331 17:30:47.239"/>
</kw>
<kw name="Decode QR" library="homeview">
<kw name="Execute Javascript" library="SeleniumLibrary">
<var>${test}</var>
<arg>/Users/bryanphang/Documents/Personal/vue-robot-selenium/tests/e2e/resources/../modules/qr.js</arg>
<doc>Executes the given JavaScript code with possible arguments.</doc>
<msg timestamp="20220331 17:30:47.240" level="INFO" html="true">Reading JavaScript from file &lt;a href="file:///Users/bryanphang/Documents/Personal/vue-robot-selenium/tests/e2e/resources/../modules/qr.js"&gt;/Users/bryanphang/Documents/Personal/vue-robot-selenium/tests/e2e/resources/../modules/qr.js&lt;/a&gt;.</msg>
<msg timestamp="20220331 17:30:47.250" level="INFO">Executing JavaScript:
/* eslint-disable max-len */
/* eslint-disable no-bitwise */
// const { BrowserQRCodeReader } = require('@zxing/browser');

// const codeReader = new BrowserQRCodeReader();
const base64 = document.getElementById('reader').src;
// const resultImage = codeReader.decodeFromImageElement(url);
const {
  MultiFormatReader,
  BarcodeFormat,
  DecodeHintType,
  RGBLuminanceSource,
  BinaryBitmap,
  HybridBinarizer,
} = require('@zxing/library');

const { PNG } = require('pngjs');

const rawImageData = PNG.sync.read(Buffer.from(base64.split(';base64,')[1], 'base64'));

const hints = new Map();
const formats = [BarcodeFormat.QR_CODE, BarcodeFormat.DATA_MATRIX];

hints.set(DecodeHintType.POSSIBLE_FORMATS, formats);
hints.set(DecodeHintType.TRY_HARDER, true);

const reader = new MultiFormatReader();

reader.setHints(hints);

const len = rawImageData.width * rawImageData.height;

const luminancesUint8Array = new Uint8ClampedArray(len);
for (let i = 0; i &lt; len; i += 1) {
  luminancesUint8Array[i] = ((rawImageData.data[i * 4] + rawImageData.data[i * 4 + 1] * 2 + rawImageData.data[i * 4 + 2]) / 4) &amp; 0xFF;
}

const luminanceSource = new RGBLuminanceSource(luminancesUint8Array, rawImageData.width, rawImageData.height);

const binaryBitmap = new BinaryBitmap(new HybridBinarizer(luminanceSource));

const qrCode = reader.decode(binaryBitmap);

if (qrCode) {
  return qrCode.getText();
}
return '';
Without any arguments.</msg>
<msg timestamp="20220331 17:30:47.386" level="INFO" html="true">&lt;/td&gt;&lt;/tr&gt;&lt;tr&gt;&lt;td colspan="3"&gt;&lt;a href="selenium-screenshot-20.png"&gt;&lt;img src="selenium-screenshot-20.png" width="800px"&gt;&lt;/a&gt;</msg>
<msg timestamp="20220331 17:30:47.387" level="FAIL">JavascriptException: Message: ReferenceError: require is not defined
Stacktrace:
@http://localhost:8080/:16:5
@http://localhost:8080/:49:8
</msg>
<status status="FAIL" starttime="20220331 17:30:47.239" endtime="20220331 17:30:47.393"/>
</kw>
<kw name="Should Be Equal As Strings" library="BuiltIn">
<arg>${test}</arg>
<arg>1</arg>
<doc>Fails if objects are unequal after converting them to strings.</doc>
<status status="NOT RUN" starttime="20220331 17:30:47.394" endtime="20220331 17:30:47.394"/>
</kw>
<kw name="Sleep" library="BuiltIn">
<arg>5s</arg>
<doc>Pauses the test executed for the given time.</doc>
<status status="NOT RUN" starttime="20220331 17:30:47.394" endtime="20220331 17:30:47.394"/>
</kw>
<status status="FAIL" starttime="20220331 17:30:47.239" endtime="20220331 17:30:47.394"/>
</kw>
<kw name="Check Iframe" library="homeview">
<status status="NOT RUN" starttime="20220331 17:30:47.394" endtime="20220331 17:30:47.395"/>
</kw>
<kw name="Click On Link" library="homeview">
<status status="NOT RUN" starttime="20220331 17:30:47.395" endtime="20220331 17:30:47.395"/>
</kw>
<kw name="Search On Wikipedia" library="homeview">
<status status="NOT RUN" starttime="20220331 17:30:47.395" endtime="20220331 17:30:47.395"/>
</kw>
<kw name="Close Browser" library="SeleniumLibrary" type="TEARDOWN">
<doc>Closes the current browser.</doc>
<status status="PASS" starttime="20220331 17:30:47.395" endtime="20220331 17:30:47.835"/>
</kw>
<status status="FAIL" starttime="20220331 17:30:43.643" endtime="20220331 17:30:47.836">JavascriptException: Message: ReferenceError: require is not defined
Stacktrace:
@http://localhost:8080/:16:5
@http://localhost:8080/:49:8
</status>
</test>
<doc>A test suite with a single test for valid login.

This test has a workflow that is created using keywords in
the imported resource file.</doc>
<status status="FAIL" starttime="20220331 17:30:43.522" endtime="20220331 17:30:47.837"/>
</suite>
<suite id="s1-s1-s1-s2" name="Test" source="/Users/bryanphang/Documents/Personal/vue-robot-selenium/tests/e2e/Test.robot">
<test id="s1-s1-s1-s2-t1" name="Open Google &amp; Verify Google" line="7">
<kw name="Open Browser" library="SeleniumLibrary">
<arg>https://www.google.com</arg>
<arg>browser=firefox</arg>
<doc>Opens a new browser instance to the optional ``url``.</doc>
<msg timestamp="20220331 17:30:47.840" level="INFO">Opening browser 'firefox' to base url 'https://www.google.com'.</msg>
<msg timestamp="20220331 17:30:47.841" level="INFO">Firefox driver log is always forced to to: /Users/bryanphang/Documents/Personal/vue-robot-selenium/geckodriver-97.log</msg>
<status status="PASS" starttime="20220331 17:30:47.840" endtime="20220331 17:30:50.535"/>
</kw>
<kw name="Get Title" library="SeleniumLibrary">
<var>${Get_title}</var>
<doc>Returns the title of the current page.</doc>
<msg timestamp="20220331 17:30:50.538" level="INFO">${Get_title} = Google</msg>
<status status="PASS" starttime="20220331 17:30:50.535" endtime="20220331 17:30:50.538"/>
</kw>
<kw name="Should Be Equal As Strings" library="BuiltIn">
<arg>${Get_title}</arg>
<arg>Google</arg>
<doc>Fails if objects are unequal after converting them to strings.</doc>
<status status="PASS" starttime="20220331 17:30:50.538" endtime="20220331 17:30:50.538"/>
</kw>
<kw name="Close Browser" library="SeleniumLibrary">
<doc>Closes the current browser.</doc>
<status status="PASS" starttime="20220331 17:30:50.538" endtime="20220331 17:30:50.954"/>
</kw>
<status status="PASS" starttime="20220331 17:30:47.839" endtime="20220331 17:30:50.954"/>
</test>
<doc>My First Test
This test will Verify Google</doc>
<status status="PASS" starttime="20220331 17:30:47.838" endtime="20220331 17:30:50.955"/>
</suite>
<status status="FAIL" starttime="20220331 17:30:43.521" endtime="20220331 17:30:50.955"/>
</suite>
<status status="FAIL" starttime="20220331 17:30:43.520" endtime="20220331 17:30:50.956"/>
</suite>
<status status="FAIL" starttime="20220331 17:30:43.506" endtime="20220331 17:30:50.956"/>
</suite>
<statistics>
<total>
<stat pass="1" fail="1" skip="0">All Tests</stat>
</total>
<tag>
</tag>
<suite>
<stat pass="1" fail="1" skip="0" id="s1" name="Vue-Robot-Selenium">Vue-Robot-Selenium</stat>
<stat pass="1" fail="1" skip="0" id="s1-s1" name="Tests">Vue-Robot-Selenium.Tests</stat>
<stat pass="1" fail="1" skip="0" id="s1-s1-s1" name="E2E">Vue-Robot-Selenium.Tests.E2E</stat>
<stat pass="0" fail="1" skip="0" id="s1-s1-s1-s1" name="HomeView">Vue-Robot-Selenium.Tests.E2E.HomeView</stat>
<stat pass="1" fail="0" skip="0" id="s1-s1-s1-s2" name="Test">Vue-Robot-Selenium.Tests.E2E.Test</stat>
</suite>
</statistics>
<errors>
</errors>
</robot>
